<?xml version="1.0" encoding="UTF-8"?>
<testsuites name="TS1" time="1" tests="1" failures="0" errors="0">
   <testsuite name="TS1" tests="1" failures="0" errors="0" time="1" timestamp="2018-11-02 10:42:14" hostname="QCQ0264 - N01-0370.quick.local" id="Test Suites/TS1">
      <properties>
         <property name="deviceName" value=""/>
         <property name="devicePlatform" value=""/>
         <property name="logFolder" value="C:\\Users\\qcq0264\\katalon-workspace\\KatalonDiscussion10515\\Reports\\TS1\\20181102_104212"/>
         <property name="logFiles" value="C:\\Users\\qcq0264\\katalon-workspace\\KatalonDiscussion10515\\Reports\\TS1\\20181102_104212\\execution0.log"/>
         <property name="attachments" value=""/>
         <property name="hostName" value="QCQ0264 - N01-0370.quick.local"/>
         <property name="hostAddress" value="192.168.56.1"/>
         <property name="os" value="Windows 7 64bit"/>
         <property name="katalonVersion" value="5.8.4.14"/>
      </properties>
      <testcase name="Test Cases/TC1" classname="Test Cases/TC1" status="PASSED">
         <system-out><![CDATA[2018-11-02 10:42:15 - [TEST_CASE][PASSED] - Test Cases/TC1: Test Cases/TC1

2018-11-02 10:42:15 - [TEST_STEP][PASSED] - Statement - expected = "Test": null]]></system-out>
         <system-err><![CDATA[]]></system-err>
      </testcase>
      <system-out><![CDATA[2018-11-02 10:42:14 - [TEST_SUITE][PASSED] - TS1: Test Cases/TC1]]></system-out>
      <system-err><![CDATA[]]></system-err>
   </testsuite>
</testsuites>
